{
  "stats": {
    "suites": 1,
    "tests": 2,
    "passes": 2,
    "pending": 0,
    "failures": 0,
    "start": "2025-01-09T21:21:30.928Z",
    "end": "2025-01-09T21:21:48.287Z",
    "duration": 17359,
    "testsRegistered": 2,
    "passPercent": 100,
    "pendingPercent": 0,
    "other": 0,
    "hasOther": false,
    "skipped": 0,
    "hasSkipped": false
  },
  "results": [
    {
      "uuid": "ce008991-121e-4cc8-86ab-6d62db3d835f",
      "title": "",
      "fullFile": "cypress\\e2e\\testWithPageObjects.spec.js",
      "file": "cypress\\e2e\\testWithPageObjects.spec.js",
      "beforeHooks": [],
      "afterHooks": [],
      "tests": [],
      "suites": [
        {
          "uuid": "d62e701e-c2d3-4e16-8f7a-18d6f6884c62",
          "title": "Page Object",
          "fullFile": "",
          "file": "",
          "beforeHooks": [],
          "afterHooks": [],
          "tests": [
            {
              "title": "navigation between pages",
              "fullTitle": "Page Object navigation between pages",
              "timedOut": null,
              "duration": 5833,
              "state": "passed",
              "speed": "medium",
              "pass": true,
              "fail": false,
              "pending": false,
              "context": null,
              "code": "cy.wait(500);\n_navigationPage.navigateTo.formLayoutPage();\n_navigationPage.navigateTo.datePickerPage();\n_navigationPage.navigateTo.smartTablePage();\n_navigationPage.navigateTo.tooltipPage();\n_navigationPage.navigateTo.toasterPage();",
              "err": {},
              "uuid": "bc1e3f95-ff15-41f5-9808-9ce04fe99f6c",
              "parentUUID": "d62e701e-c2d3-4e16-8f7a-18d6f6884c62",
              "isHook": false,
              "skipped": false
            },
            {
              "title": "should submit Inline and Basic form and select tomorrow date in the calendar",
              "fullTitle": "Page Object should submit Inline and Basic form and select tomorrow date in the calendar",
              "timedOut": null,
              "duration": 10844,
              "state": "passed",
              "speed": "slow",
              "pass": true,
              "fail": false,
              "pending": false,
              "context": null,
              "code": "_navigationPage.navigateTo.formLayoutPage();\n_formLayoutsPage.onFormLayoutsPage.submitInlineFormNameAndEmail('Natasha', 'test@test.com');\n_formLayoutsPage.onFormLayoutsPage.submitBasicFormwithEmailAndPass('test@test.com', 'password');\ncy.wait(500);\n_navigationPage.navigateTo.datePickerPage();\n_datePickerPage.onDatePickerPage.selectCommonDatePickerDateFromToday(1);\n_datePickerPage.onDatePickerPage.selectDatepickerWithRangeFromToday(7, 14);\n_navigationPage.navigateTo.smartTablePage();\n_smartTablePage.onSmartTablePage.addNewRecordWithFirstAndLastName('Natasha', 'Kostovska');\n_smartTablePage.onSmartTablePage.updateAgeByFirstName('Natasha', '29');\n_smartTablePage.onSmartTablePage.deleteRowByIndex(1);",
              "err": {},
              "uuid": "71e43217-79be-41cb-82fd-ba38831e19b9",
              "parentUUID": "d62e701e-c2d3-4e16-8f7a-18d6f6884c62",
              "isHook": false,
              "skipped": false
            }
          ],
          "suites": [],
          "passes": [
            "bc1e3f95-ff15-41f5-9808-9ce04fe99f6c",
            "71e43217-79be-41cb-82fd-ba38831e19b9"
          ],
          "failures": [],
          "pending": [],
          "skipped": [],
          "duration": 16677,
          "root": false,
          "rootEmpty": false,
          "_timeout": 2000
        }
      ],
      "passes": [],
      "failures": [],
      "pending": [],
      "skipped": [],
      "duration": 0,
      "root": true,
      "rootEmpty": true,
      "_timeout": 2000
    }
  ],
  "meta": {
    "mocha": {
      "version": "7.0.1"
    },
    "mochawesome": {
      "options": {
        "quiet": false,
        "reportFilename": "mochawesome",
        "saveHtml": false,
        "saveJson": true,
        "consoleReporter": "spec",
        "useInlineDiffs": false,
        "code": true
      },
      "version": "7.1.3"
    },
    "marge": {
      "options": {
        "id": "default",
        "reportDir": "cypress/results/mochawesome",
        "overwrite": false,
        "html": false,
        "json": true
      },
      "version": "6.2.0"
    }
  }
}