{
  "stats": {
    "suites": 1,
    "tests": 1,
    "passes": 0,
    "pending": 0,
    "failures": 1,
    "start": "2025-01-09T19:56:12.521Z",
    "end": "2025-01-09T19:56:14.447Z",
    "duration": 1926,
    "testsRegistered": 1,
    "passPercent": 0,
    "pendingPercent": 0,
    "other": 0,
    "hasOther": false,
    "skipped": 0,
    "hasSkipped": false
  },
  "results": [
    {
      "uuid": "4604871a-015b-43b6-9f13-3bee5be7275d",
      "title": "",
      "fullFile": "cypress\\e2e\\secondTest.spec.js",
      "file": "cypress\\e2e\\secondTest.spec.js",
      "beforeHooks": [],
      "afterHooks": [],
      "tests": [],
      "suites": [
        {
          "uuid": "1884f1e0-c3fb-4155-956d-885515d15b0c",
          "title": "Test log out",
          "fullFile": "",
          "file": "",
          "beforeHooks": [],
          "afterHooks": [],
          "tests": [
            {
              "title": "verify user can log out succesfully",
              "fullTitle": "Test log out verify user can log out succesfully",
              "timedOut": null,
              "duration": 428,
              "state": "failed",
              "speed": null,
              "pass": false,
              "fail": true,
              "pending": false,
              "context": null,
              "code": "cy.contains('Settings').click();\ncy.contains('Or click here to logout').click();\ncy.get('.navbar-nav').should('contain', 'Sign up1');",
              "err": {
                "message": "CypressError: `cy.request()` failed on:\n\nhttps://conduit-api.bondaracademy.com/api/users/login\n\nThe response we received from your web server was:\n\n  > 403: Forbidden\n\nThis was considered a failure because the status code was not `2xx` or `3xx`.\n\nIf you do not want status codes to cause failures pass the option: `failOnStatusCode: false`\n\n-----------------------------------------------------------\n\nThe request we sent was:\n\nMethod: POST\nURL: https://conduit-api.bondaracademy.com/api/users/login\nHeaders: {\n  \"Connection\": \"keep-alive\",\n  \"user-agent\": \"Mozilla/5.0 (Windows NT 10.0; Win64; x64) AppleWebKit/537.36 (KHTML, like Gecko) Cypress/13.17.0 Chrome/118.0.5993.159 Electron/27.3.10 Safari/537.36\",\n  \"accept\": \"*/*\",\n  \"accept-encoding\": \"gzip, deflate\",\n  \"content-type\": \"application/json\",\n  \"content-length\": 53\n}\nBody: {\"user\":{\"email\":\"$username\",\"password\":\"$password\"}}\n\n-----------------------------------------------------------\n\nThe response we got was:\n\nStatus: 403 - Forbidden\nHeaders: {\n  \"x-powered-by\": \"Express\",\n  \"vary\": \"Origin\",\n  \"content-type\": \"application/json; charset=utf-8\",\n  \"etag\": \"W/\\\"2f-83PWxEwXkLR3WfVjo3wqB0FwKlU\\\"\",\n  \"x-cloud-trace-context\": \"e58b04d9f4eafb4f782186167de55ec5\",\n  \"date\": \"Thu, 09 Jan 2025 19:56:14 GMT\",\n  \"server\": \"Google Frontend\",\n  \"content-length\": \"47\"\n}\nBody: {\n  \"errors\": {\n    \"email or password\": [\n      \"is invalid\"\n    ]\n  }\n}\n\n\nhttps://on.cypress.io/request\n\nBecause this error occurred during a `before each` hook we are skipping the remaining tests in the current suite: `Test log out`",
                "estack": "CypressError: `cy.request()` failed on:\n\nhttps://conduit-api.bondaracademy.com/api/users/login\n\nThe response we received from your web server was:\n\n  > 403: Forbidden\n\nThis was considered a failure because the status code was not `2xx` or `3xx`.\n\nIf you do not want status codes to cause failures pass the option: `failOnStatusCode: false`\n\n-----------------------------------------------------------\n\nThe request we sent was:\n\nMethod: POST\nURL: https://conduit-api.bondaracademy.com/api/users/login\nHeaders: {\n  \"Connection\": \"keep-alive\",\n  \"user-agent\": \"Mozilla/5.0 (Windows NT 10.0; Win64; x64) AppleWebKit/537.36 (KHTML, like Gecko) Cypress/13.17.0 Chrome/118.0.5993.159 Electron/27.3.10 Safari/537.36\",\n  \"accept\": \"*/*\",\n  \"accept-encoding\": \"gzip, deflate\",\n  \"content-type\": \"application/json\",\n  \"content-length\": 53\n}\nBody: {\"user\":{\"email\":\"$username\",\"password\":\"$password\"}}\n\n-----------------------------------------------------------\n\nThe response we got was:\n\nStatus: 403 - Forbidden\nHeaders: {\n  \"x-powered-by\": \"Express\",\n  \"vary\": \"Origin\",\n  \"content-type\": \"application/json; charset=utf-8\",\n  \"etag\": \"W/\\\"2f-83PWxEwXkLR3WfVjo3wqB0FwKlU\\\"\",\n  \"x-cloud-trace-context\": \"e58b04d9f4eafb4f782186167de55ec5\",\n  \"date\": \"Thu, 09 Jan 2025 19:56:14 GMT\",\n  \"server\": \"Google Frontend\",\n  \"content-length\": \"47\"\n}\nBody: {\n  \"errors\": {\n    \"email or password\": [\n      \"is invalid\"\n    ]\n  }\n}\n\n\nhttps://on.cypress.io/request\n\nBecause this error occurred during a `before each` hook we are skipping the remaining tests in the current suite: `Test log out`\n    at <unknown> (http://localhost:4200/__cypress/runner/cypress_runner.js:132876:72)\n    at tryCatcher (http://localhost:4200/__cypress/runner/cypress_runner.js:1830:23)\n    at Promise._settlePromiseFromHandler (http://localhost:4200/__cypress/runner/cypress_runner.js:1542:31)\n    at Promise._settlePromise (http://localhost:4200/__cypress/runner/cypress_runner.js:1599:18)\n    at Promise._settlePromise0 (http://localhost:4200/__cypress/runner/cypress_runner.js:1644:10)\n    at Promise._settlePromises (http://localhost:4200/__cypress/runner/cypress_runner.js:1724:18)\n    at _drainQueueStep (http://localhost:4200/__cypress/runner/cypress_runner.js:2430:12)\n    at _drainQueue (http://localhost:4200/__cypress/runner/cypress_runner.js:2423:9)\n    at Async._drainQueues (http://localhost:4200/__cypress/runner/cypress_runner.js:2439:5)\n    at Async.drainQueues (http://localhost:4200/__cypress/runner/cypress_runner.js:2309:14)\nFrom Your Spec Code:\n    at Context.eval (webpack://ngx-admin/./cypress/support/commands.js:51:7)",
                "diff": null
              },
              "uuid": "00fef852-9ed7-4bc0-a92d-c4e4a0ef2a44",
              "parentUUID": "1884f1e0-c3fb-4155-956d-885515d15b0c",
              "isHook": false,
              "skipped": false
            }
          ],
          "suites": [],
          "passes": [],
          "failures": [
            "00fef852-9ed7-4bc0-a92d-c4e4a0ef2a44"
          ],
          "pending": [],
          "skipped": [],
          "duration": 428,
          "root": false,
          "rootEmpty": false,
          "_timeout": 2000
        }
      ],
      "passes": [],
      "failures": [],
      "pending": [],
      "skipped": [],
      "duration": 0,
      "root": true,
      "rootEmpty": true,
      "_timeout": 2000
    }
  ],
  "meta": {
    "mocha": {
      "version": "7.0.1"
    },
    "mochawesome": {
      "options": {
        "quiet": false,
        "reportFilename": "mochawesome",
        "saveHtml": false,
        "saveJson": true,
        "consoleReporter": "spec",
        "useInlineDiffs": false,
        "code": true
      },
      "version": "7.1.3"
    },
    "marge": {
      "options": {
        "id": "default",
        "reportDir": "cypress/results/mochawesome",
        "overwrite": false,
        "html": false,
        "json": true
      },
      "version": "6.2.0"
    }
  }
}