{
  "stats": {
    "suites": 1,
    "tests": 2,
    "passes": 2,
    "pending": 0,
    "failures": 0,
    "start": "2025-01-09T20:48:07.477Z",
    "end": "2025-01-09T20:48:36.633Z",
    "duration": 29156,
    "testsRegistered": 2,
    "passPercent": 100,
    "pendingPercent": 0,
    "other": 0,
    "hasOther": false,
    "skipped": 0,
    "hasSkipped": false
  },
  "results": [
    {
      "uuid": "0dbc9deb-a7f3-48ed-abb2-f8b3db3aa01d",
      "title": "",
      "fullFile": "cypress\\e2e\\testWithPageObjects.spec.js",
      "file": "cypress\\e2e\\testWithPageObjects.spec.js",
      "beforeHooks": [],
      "afterHooks": [],
      "tests": [],
      "suites": [
        {
          "uuid": "cf7c47cb-eb1e-4319-890f-4f69744ae51b",
          "title": "Page Object",
          "fullFile": "",
          "file": "",
          "beforeHooks": [],
          "afterHooks": [],
          "tests": [
            {
              "title": "navigation between pages",
              "fullTitle": "Page Object navigation between pages",
              "timedOut": null,
              "duration": 7725,
              "state": "passed",
              "speed": "medium",
              "pass": true,
              "fail": false,
              "pending": false,
              "context": null,
              "code": "cy.wait(500);\n_navigationPage.navigateTo.formLayoutPage();\n_navigationPage.navigateTo.datePickerPage();\n_navigationPage.navigateTo.smartTablePage();\n_navigationPage.navigateTo.tooltipPage();\n_navigationPage.navigateTo.toasterPage();",
              "err": {},
              "uuid": "72725b46-6e21-4b76-847e-f6f23cb38376",
              "parentUUID": "cf7c47cb-eb1e-4319-890f-4f69744ae51b",
              "isHook": false,
              "skipped": false
            },
            {
              "title": "should submit Inline and Basic form and select tomorrow date in the calendar",
              "fullTitle": "Page Object should submit Inline and Basic form and select tomorrow date in the calendar",
              "timedOut": null,
              "duration": 20743,
              "state": "passed",
              "speed": "slow",
              "pass": true,
              "fail": false,
              "pending": false,
              "context": null,
              "code": "_navigationPage.navigateTo.formLayoutPage();\n_formLayoutsPage.onFormLayoutsPage.submitInlineFormNameAndEmail('Natasha', 'test@test.com');\n_formLayoutsPage.onFormLayoutsPage.submitBasicFormwithEmailAndPass('test@test.com', 'password');\ncy.wait(500);\n_navigationPage.navigateTo.datePickerPage();\n_datePickerPage.onDatePickerPage.selectCommonDatePickerDateFromToday(1);\n_datePickerPage.onDatePickerPage.selectDatepickerWithRangeFromToday(7, 14);\n_navigationPage.navigateTo.smartTablePage();\n_smartTablePage.onSmartTablePage.addNewRecordWithFirstAndLastName('Natasha', 'Kostovska');\n_smartTablePage.onSmartTablePage.updateAgeByFirstName('Natasha', '29');\n_smartTablePage.onSmartTablePage.deleteRowByIndex(1);",
              "err": {},
              "uuid": "94e7bec6-42fd-4084-95a3-313d15a81390",
              "parentUUID": "cf7c47cb-eb1e-4319-890f-4f69744ae51b",
              "isHook": false,
              "skipped": false
            }
          ],
          "suites": [],
          "passes": [
            "72725b46-6e21-4b76-847e-f6f23cb38376",
            "94e7bec6-42fd-4084-95a3-313d15a81390"
          ],
          "failures": [],
          "pending": [],
          "skipped": [],
          "duration": 28468,
          "root": false,
          "rootEmpty": false,
          "_timeout": 2000
        }
      ],
      "passes": [],
      "failures": [],
      "pending": [],
      "skipped": [],
      "duration": 0,
      "root": true,
      "rootEmpty": true,
      "_timeout": 2000
    }
  ],
  "meta": {
    "mocha": {
      "version": "7.0.1"
    },
    "mochawesome": {
      "options": {
        "quiet": false,
        "reportFilename": "mochawesome",
        "saveHtml": false,
        "saveJson": true,
        "consoleReporter": "spec",
        "useInlineDiffs": false,
        "code": true
      },
      "version": "7.1.3"
    },
    "marge": {
      "options": {
        "id": "default",
        "reportDir": "cypress/results/mochawesome",
        "overwrite": false,
        "html": false,
        "json": true
      },
      "version": "6.2.0"
    }
  }
}