{
  "stats": {
    "suites": 4,
    "tests": 8,
    "passes": 8,
    "pending": 0,
    "failures": 0,
    "start": "2025-01-09T19:56:05.335Z",
    "end": "2025-01-09T19:56:05.518Z",
    "duration": 183,
    "testsRegistered": 8,
    "passPercent": 100,
    "pendingPercent": 0,
    "other": 0,
    "hasOther": false,
    "skipped": 0,
    "hasSkipped": false
  },
  "results": [
    {
      "uuid": "04bf9036-e787-4e3b-9d91-a93be6ed75cb",
      "title": "",
      "fullFile": "cypress\\e2e\\firstTests1.spec.js",
      "file": "cypress\\e2e\\firstTests1.spec.js",
      "beforeHooks": [],
      "afterHooks": [],
      "tests": [],
      "suites": [
        {
          "uuid": "0af2e199-2a86-44be-99de-ec0c060b2926",
          "title": "First test suite",
          "fullFile": "",
          "file": "",
          "beforeHooks": [],
          "afterHooks": [],
          "tests": [
            {
              "title": "first test",
              "fullTitle": "First test suite first test",
              "timedOut": null,
              "duration": 12,
              "state": "passed",
              "speed": "fast",
              "pass": true,
              "fail": false,
              "pending": false,
              "context": null,
              "code": "",
              "err": {},
              "uuid": "02d2a715-498e-44c8-8c11-1c34b0f29e6c",
              "parentUUID": "0af2e199-2a86-44be-99de-ec0c060b2926",
              "isHook": false,
              "skipped": false
            },
            {
              "title": "second test",
              "fullTitle": "First test suite second test",
              "timedOut": null,
              "duration": 7,
              "state": "passed",
              "speed": "fast",
              "pass": true,
              "fail": false,
              "pending": false,
              "context": null,
              "code": "",
              "err": {},
              "uuid": "19863c06-eade-41f2-84da-89466309c2fc",
              "parentUUID": "0af2e199-2a86-44be-99de-ec0c060b2926",
              "isHook": false,
              "skipped": false
            },
            {
              "title": "third test",
              "fullTitle": "First test suite third test",
              "timedOut": null,
              "duration": 10,
              "state": "passed",
              "speed": "fast",
              "pass": true,
              "fail": false,
              "pending": false,
              "context": null,
              "code": "",
              "err": {},
              "uuid": "6ea76231-4185-4ba3-8729-ff2273a69422",
              "parentUUID": "0af2e199-2a86-44be-99de-ec0c060b2926",
              "isHook": false,
              "skipped": false
            }
          ],
          "suites": [
            {
              "uuid": "8cb35c82-f39a-41c4-9dc9-3f12cecb7e4a",
              "title": "Site section",
              "fullFile": "",
              "file": "",
              "beforeHooks": [],
              "afterHooks": [],
              "tests": [],
              "suites": [
                {
                  "uuid": "f49224df-ee15-46f5-acae-dd1a7fc599a2",
                  "title": "First test suite",
                  "fullFile": "",
                  "file": "",
                  "beforeHooks": [],
                  "afterHooks": [],
                  "tests": [
                    {
                      "title": "first test",
                      "fullTitle": "First test suite Site section First test suite first test",
                      "timedOut": null,
                      "duration": 11,
                      "state": "passed",
                      "speed": "fast",
                      "pass": true,
                      "fail": false,
                      "pending": false,
                      "context": null,
                      "code": "",
                      "err": {},
                      "uuid": "fe24d4c1-90f5-4b7d-9dca-73f877d1dc01",
                      "parentUUID": "f49224df-ee15-46f5-acae-dd1a7fc599a2",
                      "isHook": false,
                      "skipped": false
                    },
                    {
                      "title": "second test",
                      "fullTitle": "First test suite Site section First test suite second test",
                      "timedOut": null,
                      "duration": 7,
                      "state": "passed",
                      "speed": "fast",
                      "pass": true,
                      "fail": false,
                      "pending": false,
                      "context": null,
                      "code": "",
                      "err": {},
                      "uuid": "5767901c-e49e-44db-8e66-262dc6d6f8dc",
                      "parentUUID": "f49224df-ee15-46f5-acae-dd1a7fc599a2",
                      "isHook": false,
                      "skipped": false
                    }
                  ],
                  "suites": [],
                  "passes": [
                    "fe24d4c1-90f5-4b7d-9dca-73f877d1dc01",
                    "5767901c-e49e-44db-8e66-262dc6d6f8dc"
                  ],
                  "failures": [],
                  "pending": [],
                  "skipped": [],
                  "duration": 18,
                  "root": false,
                  "rootEmpty": false,
                  "_timeout": 2000
                }
              ],
              "passes": [],
              "failures": [],
              "pending": [],
              "skipped": [],
              "duration": 0,
              "root": false,
              "rootEmpty": false,
              "_timeout": 2000
            }
          ],
          "passes": [
            "02d2a715-498e-44c8-8c11-1c34b0f29e6c",
            "19863c06-eade-41f2-84da-89466309c2fc",
            "6ea76231-4185-4ba3-8729-ff2273a69422"
          ],
          "failures": [],
          "pending": [],
          "skipped": [],
          "duration": 29,
          "root": false,
          "rootEmpty": false,
          "_timeout": 2000
        },
        {
          "uuid": "e46c0999-cf82-4bac-8562-eec6f112b714",
          "title": "Second test suite",
          "fullFile": "",
          "file": "",
          "beforeHooks": [],
          "afterHooks": [],
          "tests": [
            {
              "title": "first test",
              "fullTitle": "Second test suite first test",
              "timedOut": null,
              "duration": 7,
              "state": "passed",
              "speed": "fast",
              "pass": true,
              "fail": false,
              "pending": false,
              "context": null,
              "code": "",
              "err": {},
              "uuid": "cb628a82-152f-4589-b6e0-5e24f40f2069",
              "parentUUID": "e46c0999-cf82-4bac-8562-eec6f112b714",
              "isHook": false,
              "skipped": false
            },
            {
              "title": "second test",
              "fullTitle": "Second test suite second test",
              "timedOut": null,
              "duration": 6,
              "state": "passed",
              "speed": "fast",
              "pass": true,
              "fail": false,
              "pending": false,
              "context": null,
              "code": "",
              "err": {},
              "uuid": "a66feb91-da6b-4bde-9c60-6c3211def6f3",
              "parentUUID": "e46c0999-cf82-4bac-8562-eec6f112b714",
              "isHook": false,
              "skipped": false
            },
            {
              "title": "third test",
              "fullTitle": "Second test suite third test",
              "timedOut": null,
              "duration": 6,
              "state": "passed",
              "speed": "fast",
              "pass": true,
              "fail": false,
              "pending": false,
              "context": null,
              "code": "",
              "err": {},
              "uuid": "c4ddd2aa-ebbb-43f6-9782-19a108ef0734",
              "parentUUID": "e46c0999-cf82-4bac-8562-eec6f112b714",
              "isHook": false,
              "skipped": false
            }
          ],
          "suites": [],
          "passes": [
            "cb628a82-152f-4589-b6e0-5e24f40f2069",
            "a66feb91-da6b-4bde-9c60-6c3211def6f3",
            "c4ddd2aa-ebbb-43f6-9782-19a108ef0734"
          ],
          "failures": [],
          "pending": [],
          "skipped": [],
          "duration": 19,
          "root": false,
          "rootEmpty": false,
          "_timeout": 2000
        }
      ],
      "passes": [],
      "failures": [],
      "pending": [],
      "skipped": [],
      "duration": 0,
      "root": true,
      "rootEmpty": true,
      "_timeout": 2000
    }
  ],
  "meta": {
    "mocha": {
      "version": "7.0.1"
    },
    "mochawesome": {
      "options": {
        "quiet": false,
        "reportFilename": "mochawesome",
        "saveHtml": false,
        "saveJson": true,
        "consoleReporter": "spec",
        "useInlineDiffs": false,
        "code": true
      },
      "version": "7.1.3"
    },
    "marge": {
      "options": {
        "id": "default",
        "reportDir": "cypress/results/mochawesome",
        "overwrite": false,
        "html": false,
        "json": true
      },
      "version": "6.2.0"
    }
  }
}