<?xml version="1.0" encoding="UTF-8"?>
<testsuites name="Mocha Tests" time="9.076" tests="2" failures="0" skipped="1">
  <testsuite name="Root Suite" timestamp="2025-01-09T21:20:59" tests="0" file="cypress\e2e\testWithPageObjects.spec.js" time="0.000" failures="0">
  </testsuite>
  <testsuite name="Page Object" timestamp="2025-01-09T21:20:59" tests="2" time="9.048" failures="0">
    <testcase name="Page Object navigation between pages" time="8.950" classname="navigation between pages">
    </testcase>
  </testsuite>
</testsuites>