<?xml version="1.0" encoding="UTF-8"?>
<testsuites name="Mocha Tests" time="4.781" tests="2" failures="0" skipped="1">
  <testsuite name="Root Suite" timestamp="2025-01-09T20:10:23" tests="0" file="cypress\e2e\testWithPageObjects.spec.js" time="0.000" failures="0">
  </testsuite>
  <testsuite name="Page Object" timestamp="2025-01-09T20:10:23" tests="2" time="4.775" failures="0">
    <testcase name="Page Object navigation between pages" time="4.738" classname="navigation between pages">
    </testcase>
  </testsuite>
</testsuites>